<?xml version="1.0" encoding="UTF-8"?>
<!-- Generated by org.testng.reporters.JUnitXMLReporter -->
<testsuite hostname="LAPTOP-T03VUTLP" ignored="0" name="Test5" tests="8" failures="0" timestamp="2022-03-21T10:13:41 IST" time="93.356" errors="0">
  <testcase name="verifyEnrollPage" time="0.346" classname="com.script.TestClassSignup"/>
  <testcase name="verifyInvalidSignUp" time="3.718" classname="com.script.TestClassSignup"/>
  <testcase name="verifyValidSignUp" time="2.998" classname="com.script.TestClassSignup"/>
  <testcase name="verifyValidLogin" time="0.757" classname="com.script.TestClassSignup"/>
  <testcase name="verifyMyProfile" time="7.182" classname="com.script.TestClassSignup"/>
  <testcase name="verifyEditProfile" time="8.423" classname="com.script.TestClassSignup"/>
  <testcase name="verifyInvalidEditProfile" time="25.811" classname="com.script.TestClassSignup"/>
  <testcase name="verifyValidEditProfile" time="18.33" classname="com.script.TestClassSignup"/>
</testsuite> <!-- Test5 -->
