<?xml version="1.0" encoding="UTF-8"?>
<!-- Generated by org.testng.reporters.JUnitXMLReporter -->
<testsuite hostname="LAPTOP-T03VUTLP" ignored="0" name="Test2" tests="4" failures="0" timestamp="2022-03-22T10:11:02 IST" time="46.304" errors="0">
  <testcase name="verifyInValidLogin8" time="0.612" classname="com.script.InvalidTestClass"/>
  <testcase name="verifyInValidLogin1" time="5.079" classname="com.script.InvalidTestClass"/>
  <testcase name="verifyInValidLogin2" time="4.441" classname="com.script.InvalidTestClass"/>
  <testcase name="verifyInValidLogin3" time="4.446" classname="com.script.InvalidTestClass"/>
</testsuite> <!-- Test2 -->
